<?xml version="1.0" encoding="UTF-8"?>
<!-- Generated by org.testng.reporters.JUnitReportReporter -->
<testsuite hostname="HP" name="org.login.browserLaunch" tests="1" failures="0" timestamp="28 Aug 2021 07:28:57 GMT" time="0.445" errors="0">
  <testcase name="create" time="0.445" classname="org.login.browserLaunch"/>
</testsuite> <!-- org.login.browserLaunch -->
