<?xml version="1.0" encoding="UTF-8"?>
<!-- Generated by org.testng.reporters.JUnitReportReporter -->
<testsuite hostname="HP" name="org.login.TestngPriority" tests="3" failures="0" timestamp="29 Aug 2021 13:49:40 GMT" time="0.157" errors="0">
  <testcase name="test1" time="0.000" classname="org.login.TestngPriority"/>
  <testcase name="test4" time="0.141" classname="org.login.TestngPriority"/>
  <testcase name="test3" time="0.016" classname="org.login.TestngPriority"/>
</testsuite> <!-- org.login.TestngPriority -->
