<?xml version="1.0" encoding="UTF-8"?>
<!-- Generated by org.testng.reporters.JUnitReportReporter -->
<testsuite hostname="HP" name="org.login.DataProviderTestNG" tests="1" failures="0" timestamp="30 Aug 2021 05:07:23 GMT" time="62.733" errors="0">
  <testcase name="test1" time="62.733" classname="org.login.DataProviderTestNG"/>
</testsuite> <!-- org.login.DataProviderTestNG -->
