<?xml version="1.0" encoding="UTF-8"?>
<!-- Generated by org.testng.reporters.JUnitReportReporter -->
<testsuite hostname="HP" name="org.login.ParameterTGN" tests="4" failures="0" timestamp="30 Aug 2021 04:56:43 GMT" time="0.075" errors="0">
  <testcase name="test3" time="0.003" classname="org.login.ParameterTGN"/>
  <testcase name="test1" time="0.010" classname="org.login.ParameterTGN"/>
  <testcase name="test4" time="0.057" classname="org.login.ParameterTGN"/>
  <testcase name="test2" time="0.005" classname="org.login.ParameterTGN"/>
</testsuite> <!-- org.login.ParameterTGN -->
